<?xml version="1.0" encoding="utf-8"?><testsuites name="pytest tests"><testsuite name="pytest" errors="0" failures="0" skipped="0" tests="6" time="0.577" timestamp="2026-06-07T11:08:16.793805+00:00" hostname="agent-env-c0db3ea0-080b-46e6-b788-efbbf3c6b281"><testcase classname="backend.tests.test_atlas_api.TestNetworkStats" name="test_stats_ok" time="0.204" /><testcase classname="backend.tests.test_atlas_api.TestAccess" name="test_create_and_list" time="0.096" /><testcase classname="backend.tests.test_atlas_api.TestAccess" name="test_invalid_payload_422" time="0.044" /><testcase classname="backend.tests.test_atlas_api.TestUnlock" name="test_valid_code" time="0.043" /><testcase classname="backend.tests.test_atlas_api.TestUnlock" name="test_invalid_code" time="0.043" /><testcase classname="backend.tests.test_atlas_api.TestPassport" name="test_generate_passport" time="0.045" /></testsuite></testsuites>